2020-04-28 19:15:23.051  INFO 18466 --- [main] com.javaee.project.ToysApplication       : Starting ToysApplication on whydudeman with PID 18466 (/home/nurbol/Downloads/JavaProjects/project/target/classes started by nurbol in /home/nurbol/Downloads/JavaProjects/project)
2020-04-28 19:15:23.065  INFO 18466 --- [main] com.javaee.project.ToysApplication       : No active profile set, falling back to default profiles: default
2020-04-28 19:15:23.793  INFO 18466 --- [main] .s.d.r.c.RepositoryConfigurationDelegate : Bootstrapping Spring Data JPA repositories in DEFAULT mode.
2020-04-28 19:15:23.848  INFO 18466 --- [main] .s.d.r.c.RepositoryConfigurationDelegate : Finished Spring Data repository scanning in 48ms. Found 2 JPA repository interfaces.
2020-04-28 19:15:24.310  INFO 18466 --- [main] o.s.b.w.embedded.tomcat.TomcatWebServer  : Tomcat initialized with port(s): 8085 (http)
2020-04-28 19:15:24.319  INFO 18466 --- [main] o.apache.catalina.core.StandardService   : Starting service [Tomcat]
2020-04-28 19:15:24.319  INFO 18466 --- [main] org.apache.catalina.core.StandardEngine  : Starting Servlet engine: [Apache Tomcat/9.0.33]
2020-04-28 19:15:24.395  INFO 18466 --- [main] o.a.c.c.C.[Tomcat].[localhost].[/]       : Initializing Spring embedded WebApplicationContext
2020-04-28 19:15:24.396  INFO 18466 --- [main] o.s.web.context.ContextLoader            : Root WebApplicationContext: initialization completed in 1259 ms
2020-04-28 19:15:24.528  INFO 18466 --- [main] o.hibernate.jpa.internal.util.LogHelper  : HHH000204: Processing PersistenceUnitInfo [name: default]
2020-04-28 19:15:24.574  INFO 18466 --- [main] org.hibernate.Version                    : HHH000412: Hibernate ORM core version 5.4.12.Final
2020-04-28 19:15:24.660  INFO 18466 --- [main] o.hibernate.annotations.common.Version   : HCANN000001: Hibernate Commons Annotations {5.1.0.Final}
2020-04-28 19:15:24.730  INFO 18466 --- [main] com.zaxxer.hikari.HikariDataSource       : HikariPool-1 - Starting...
2020-04-28 19:15:24.880  INFO 18466 --- [main] com.zaxxer.hikari.HikariDataSource       : HikariPool-1 - Start completed.
2020-04-28 19:15:24.893  INFO 18466 --- [main] org.hibernate.dialect.Dialect            : HHH000400: Using dialect: org.hibernate.dialect.MySQL55Dialect
2020-04-28 19:15:25.339  INFO 18466 --- [main] o.h.e.t.j.p.i.JtaPlatformInitiator       : HHH000490: Using JtaPlatform implementation: [org.hibernate.engine.transaction.jta.platform.internal.NoJtaPlatform]
2020-04-28 19:15:25.344  INFO 18466 --- [main] j.LocalContainerEntityManagerFactoryBean : Initialized JPA EntityManagerFactory for persistence unit 'default'
2020-04-28 19:15:25.586  WARN 18466 --- [main] JpaBaseConfiguration$JpaWebConfiguration : spring.jpa.open-in-view is enabled by default. Therefore, database queries may be performed during view rendering. Explicitly configure spring.jpa.open-in-view to disable this warning
2020-04-28 19:15:25.675  INFO 18466 --- [main] o.s.s.concurrent.ThreadPoolTaskExecutor  : Initializing ExecutorService 'applicationTaskExecutor'
2020-04-28 19:15:25.770  INFO 18466 --- [main] o.s.b.a.w.s.WelcomePageHandlerMapping    : Adding welcome page template: index
2020-04-28 19:15:25.895  INFO 18466 --- [main] o.s.b.w.embedded.tomcat.TomcatWebServer  : Tomcat started on port(s): 8085 (http) with context path ''
2020-04-28 19:15:25.896  INFO 18466 --- [main] com.javaee.project.ToysApplication       : Started ToysApplication in 3.353 seconds (JVM running for 3.929)
2020-04-28 19:15:45.887  INFO 18466 --- [http-nio-8085-exec-1] o.a.c.c.C.[Tomcat].[localhost].[/]       : Initializing Spring DispatcherServlet 'dispatcherServlet'
2020-04-28 19:15:45.888  INFO 18466 --- [http-nio-8085-exec-1] o.s.web.servlet.DispatcherServlet        : Initializing Servlet 'dispatcherServlet'
2020-04-28 19:15:45.893  INFO 18466 --- [http-nio-8085-exec-1] o.s.web.servlet.DispatcherServlet        : Completed initialization in 5 ms
2020-04-28 19:15:46.137 ERROR 18466 --- [http-nio-8085-exec-1] org.thymeleaf.TemplateEngine             : [THYMELEAF][http-nio-8085-exec-1] Exception processing template "index": Error during execution of processor 'org.thymeleaf.spring5.processor.SpringInputGeneralFieldTagProcessor' (template: "index" - line 79, col 111)

org.thymeleaf.exceptions.TemplateProcessingException: Error during execution of processor 'org.thymeleaf.spring5.processor.SpringInputGeneralFieldTagProcessor' (template: "index" - line 79, col 111)
	at org.thymeleaf.processor.element.AbstractAttributeTagProcessor.doProcess(AbstractAttributeTagProcessor.java:117) ~[thymeleaf-3.0.11.RELEASE.jar:3.0.11.RELEASE]
	at org.thymeleaf.processor.element.AbstractElementTagProcessor.process(AbstractElementTagProcessor.java:95) ~[thymeleaf-3.0.11.RELEASE.jar:3.0.11.RELEASE]
	at org.thymeleaf.util.ProcessorConfigurationUtils$ElementTagProcessorWrapper.process(ProcessorConfigurationUtils.java:633) ~[thymeleaf-3.0.11.RELEASE.jar:3.0.11.RELEASE]
	at org.thymeleaf.engine.ProcessorTemplateHandler.handleStandaloneElement(ProcessorTemplateHandler.java:918) ~[thymeleaf-3.0.11.RELEASE.jar:3.0.11.RELEASE]
	at org.thymeleaf.engine.StandaloneElementTag.beHandled(StandaloneElementTag.java:228) ~[thymeleaf-3.0.11.RELEASE.jar:3.0.11.RELEASE]
	at org.thymeleaf.engine.TemplateModel.process(TemplateModel.java:136) ~[thymeleaf-3.0.11.RELEASE.jar:3.0.11.RELEASE]
	at org.thymeleaf.engine.TemplateManager.parseAndProcess(TemplateManager.java:661) ~[thymeleaf-3.0.11.RELEASE.jar:3.0.11.RELEASE]
	at org.thymeleaf.TemplateEngine.process(TemplateEngine.java:1098) ~[thymeleaf-3.0.11.RELEASE.jar:3.0.11.RELEASE]
	at org.thymeleaf.TemplateEngine.process(TemplateEngine.java:1072) ~[thymeleaf-3.0.11.RELEASE.jar:3.0.11.RELEASE]
	at org.thymeleaf.spring5.view.ThymeleafView.renderFragment(ThymeleafView.java:362) ~[thymeleaf-spring5-3.0.11.RELEASE.jar:3.0.11.RELEASE]
	at org.thymeleaf.spring5.view.ThymeleafView.render(ThymeleafView.java:189) ~[thymeleaf-spring5-3.0.11.RELEASE.jar:3.0.11.RELEASE]
	at org.springframework.web.servlet.DispatcherServlet.render(DispatcherServlet.java:1373) ~[spring-webmvc-5.2.5.RELEASE.jar:5.2.5.RELEASE]
	at org.springframework.web.servlet.DispatcherServlet.processDispatchResult(DispatcherServlet.java:1118) ~[spring-webmvc-5.2.5.RELEASE.jar:5.2.5.RELEASE]
	at org.springframework.web.servlet.DispatcherServlet.doDispatch(DispatcherServlet.java:1057) ~[spring-webmvc-5.2.5.RELEASE.jar:5.2.5.RELEASE]
	at org.springframework.web.servlet.DispatcherServlet.doService(DispatcherServlet.java:943) ~[spring-webmvc-5.2.5.RELEASE.jar:5.2.5.RELEASE]
	at org.springframework.web.servlet.FrameworkServlet.processRequest(FrameworkServlet.java:1006) ~[spring-webmvc-5.2.5.RELEASE.jar:5.2.5.RELEASE]
	at org.springframework.web.servlet.FrameworkServlet.doGet(FrameworkServlet.java:898) ~[spring-webmvc-5.2.5.RELEASE.jar:5.2.5.RELEASE]
	at javax.servlet.http.HttpServlet.service(HttpServlet.java:634) ~[tomcat-embed-core-9.0.33.jar:9.0.33]
	at org.springframework.web.servlet.FrameworkServlet.service(FrameworkServlet.java:883) ~[spring-webmvc-5.2.5.RELEASE.jar:5.2.5.RELEASE]
	at javax.servlet.http.HttpServlet.service(HttpServlet.java:741) ~[tomcat-embed-core-9.0.33.jar:9.0.33]
	at org.apache.catalina.core.ApplicationFilterChain.internalDoFilter(ApplicationFilterChain.java:231) ~[tomcat-embed-core-9.0.33.jar:9.0.33]
	at org.apache.catalina.core.ApplicationFilterChain.doFilter(ApplicationFilterChain.java:166) ~[tomcat-embed-core-9.0.33.jar:9.0.33]
	at org.apache.tomcat.websocket.server.WsFilter.doFilter(WsFilter.java:53) ~[tomcat-embed-websocket-9.0.33.jar:9.0.33]
	at org.apache.catalina.core.ApplicationFilterChain.internalDoFilter(ApplicationFilterChain.java:193) ~[tomcat-embed-core-9.0.33.jar:9.0.33]
	at org.apache.catalina.core.ApplicationFilterChain.doFilter(ApplicationFilterChain.java:166) ~[tomcat-embed-core-9.0.33.jar:9.0.33]
	at org.springframework.web.filter.RequestContextFilter.doFilterInternal(RequestContextFilter.java:100) ~[spring-web-5.2.5.RELEASE.jar:5.2.5.RELEASE]
	at org.springframework.web.filter.OncePerRequestFilter.doFilter(OncePerRequestFilter.java:119) ~[spring-web-5.2.5.RELEASE.jar:5.2.5.RELEASE]
	at org.apache.catalina.core.ApplicationFilterChain.internalDoFilter(ApplicationFilterChain.java:193) ~[tomcat-embed-core-9.0.33.jar:9.0.33]
	at org.apache.catalina.core.ApplicationFilterChain.doFilter(ApplicationFilterChain.java:166) ~[tomcat-embed-core-9.0.33.jar:9.0.33]
	at org.springframework.web.filter.FormContentFilter.doFilterInternal(FormContentFilter.java:93) ~[spring-web-5.2.5.RELEASE.jar:5.2.5.RELEASE]
	at org.springframework.web.filter.OncePerRequestFilter.doFilter(OncePerRequestFilter.java:119) ~[spring-web-5.2.5.RELEASE.jar:5.2.5.RELEASE]
	at org.apache.catalina.core.ApplicationFilterChain.internalDoFilter(ApplicationFilterChain.java:193) ~[tomcat-embed-core-9.0.33.jar:9.0.33]
	at org.apache.catalina.core.ApplicationFilterChain.doFilter(ApplicationFilterChain.java:166) ~[tomcat-embed-core-9.0.33.jar:9.0.33]
	at org.springframework.web.filter.CharacterEncodingFilter.doFilterInternal(CharacterEncodingFilter.java:201) ~[spring-web-5.2.5.RELEASE.jar:5.2.5.RELEASE]
	at org.springframework.web.filter.OncePerRequestFilter.doFilter(OncePerRequestFilter.java:119) ~[spring-web-5.2.5.RELEASE.jar:5.2.5.RELEASE]
	at org.apache.catalina.core.ApplicationFilterChain.internalDoFilter(ApplicationFilterChain.java:193) ~[tomcat-embed-core-9.0.33.jar:9.0.33]
	at org.apache.catalina.core.ApplicationFilterChain.doFilter(ApplicationFilterChain.java:166) ~[tomcat-embed-core-9.0.33.jar:9.0.33]
	at org.apache.catalina.core.StandardWrapperValve.invoke(StandardWrapperValve.java:202) ~[tomcat-embed-core-9.0.33.jar:9.0.33]
	at org.apache.catalina.core.StandardContextValve.invoke(StandardContextValve.java:96) ~[tomcat-embed-core-9.0.33.jar:9.0.33]
	at org.apache.catalina.authenticator.AuthenticatorBase.invoke(AuthenticatorBase.java:541) ~[tomcat-embed-core-9.0.33.jar:9.0.33]
	at org.apache.catalina.core.StandardHostValve.invoke(StandardHostValve.java:139) ~[tomcat-embed-core-9.0.33.jar:9.0.33]
	at org.apache.catalina.valves.ErrorReportValve.invoke(ErrorReportValve.java:92) ~[tomcat-embed-core-9.0.33.jar:9.0.33]
	at org.apache.catalina.core.StandardEngineValve.invoke(StandardEngineValve.java:74) ~[tomcat-embed-core-9.0.33.jar:9.0.33]
	at org.apache.catalina.connector.CoyoteAdapter.service(CoyoteAdapter.java:343) ~[tomcat-embed-core-9.0.33.jar:9.0.33]
	at org.apache.coyote.http11.Http11Processor.service(Http11Processor.java:373) ~[tomcat-embed-core-9.0.33.jar:9.0.33]
	at org.apache.coyote.AbstractProcessorLight.process(AbstractProcessorLight.java:65) ~[tomcat-embed-core-9.0.33.jar:9.0.33]
	at org.apache.coyote.AbstractProtocol$ConnectionHandler.process(AbstractProtocol.java:868) ~[tomcat-embed-core-9.0.33.jar:9.0.33]
	at org.apache.tomcat.util.net.NioEndpoint$SocketProcessor.doRun(NioEndpoint.java:1594) ~[tomcat-embed-core-9.0.33.jar:9.0.33]
	at org.apache.tomcat.util.net.SocketProcessorBase.run(SocketProcessorBase.java:49) ~[tomcat-embed-core-9.0.33.jar:9.0.33]
	at java.base/java.util.concurrent.ThreadPoolExecutor.runWorker(ThreadPoolExecutor.java:1128) ~[na:na]
	at java.base/java.util.concurrent.ThreadPoolExecutor$Worker.run(ThreadPoolExecutor.java:628) ~[na:na]
	at org.apache.tomcat.util.threads.TaskThread$WrappingRunnable.run(TaskThread.java:61) ~[tomcat-embed-core-9.0.33.jar:9.0.33]
	at java.base/java.lang.Thread.run(Thread.java:834) ~[na:na]
Caused by: java.lang.IllegalStateException: Neither BindingResult nor plain target object for bean name 'formCategory' available as request attribute
	at org.springframework.web.servlet.support.BindStatus.<init>(BindStatus.java:153) ~[spring-webmvc-5.2.5.RELEASE.jar:5.2.5.RELEASE]
	at org.springframework.web.servlet.support.RequestContext.getBindStatus(RequestContext.java:903) ~[spring-webmvc-5.2.5.RELEASE.jar:5.2.5.RELEASE]
	at org.thymeleaf.spring5.context.webmvc.SpringWebMvcThymeleafRequestContext.getBindStatus(SpringWebMvcThymeleafRequestContext.java:227) ~[thymeleaf-spring5-3.0.11.RELEASE.jar:3.0.11.RELEASE]
	at org.thymeleaf.spring5.util.FieldUtils.getBindStatusFromParsedExpression(FieldUtils.java:306) ~[thymeleaf-spring5-3.0.11.RELEASE.jar:3.0.11.RELEASE]
	at org.thymeleaf.spring5.util.FieldUtils.getBindStatus(FieldUtils.java:253) ~[thymeleaf-spring5-3.0.11.RELEASE.jar:3.0.11.RELEASE]
	at org.thymeleaf.spring5.util.FieldUtils.getBindStatus(FieldUtils.java:227) ~[thymeleaf-spring5-3.0.11.RELEASE.jar:3.0.11.RELEASE]
	at org.thymeleaf.spring5.processor.AbstractSpringFieldTagProcessor.doProcess(AbstractSpringFieldTagProcessor.java:174) ~[thymeleaf-spring5-3.0.11.RELEASE.jar:3.0.11.RELEASE]
	at org.thymeleaf.processor.element.AbstractAttributeTagProcessor.doProcess(AbstractAttributeTagProcessor.java:74) ~[thymeleaf-3.0.11.RELEASE.jar:3.0.11.RELEASE]
	... 52 common frames omitted

2020-04-28 19:15:46.139 ERROR 18466 --- [http-nio-8085-exec-1] o.a.c.c.C.[.[.[/].[dispatcherServlet]    : Servlet.service() for servlet [dispatcherServlet] in context with path [] threw exception [Request processing failed; nested exception is org.thymeleaf.exceptions.TemplateProcessingException: Error during execution of processor 'org.thymeleaf.spring5.processor.SpringInputGeneralFieldTagProcessor' (template: "index" - line 79, col 111)] with root cause

java.lang.IllegalStateException: Neither BindingResult nor plain target object for bean name 'formCategory' available as request attribute
	at org.springframework.web.servlet.support.BindStatus.<init>(BindStatus.java:153) ~[spring-webmvc-5.2.5.RELEASE.jar:5.2.5.RELEASE]
	at org.springframework.web.servlet.support.RequestContext.getBindStatus(RequestContext.java:903) ~[spring-webmvc-5.2.5.RELEASE.jar:5.2.5.RELEASE]
	at org.thymeleaf.spring5.context.webmvc.SpringWebMvcThymeleafRequestContext.getBindStatus(SpringWebMvcThymeleafRequestContext.java:227) ~[thymeleaf-spring5-3.0.11.RELEASE.jar:3.0.11.RELEASE]
	at org.thymeleaf.spring5.util.FieldUtils.getBindStatusFromParsedExpression(FieldUtils.java:306) ~[thymeleaf-spring5-3.0.11.RELEASE.jar:3.0.11.RELEASE]
	at org.thymeleaf.spring5.util.FieldUtils.getBindStatus(FieldUtils.java:253) ~[thymeleaf-spring5-3.0.11.RELEASE.jar:3.0.11.RELEASE]
	at org.thymeleaf.spring5.util.FieldUtils.getBindStatus(FieldUtils.java:227) ~[thymeleaf-spring5-3.0.11.RELEASE.jar:3.0.11.RELEASE]
	at org.thymeleaf.spring5.processor.AbstractSpringFieldTagProcessor.doProcess(AbstractSpringFieldTagProcessor.java:174) ~[thymeleaf-spring5-3.0.11.RELEASE.jar:3.0.11.RELEASE]
	at org.thymeleaf.processor.element.AbstractAttributeTagProcessor.doProcess(AbstractAttributeTagProcessor.java:74) ~[thymeleaf-3.0.11.RELEASE.jar:3.0.11.RELEASE]
	at org.thymeleaf.processor.element.AbstractElementTagProcessor.process(AbstractElementTagProcessor.java:95) ~[thymeleaf-3.0.11.RELEASE.jar:3.0.11.RELEASE]
	at org.thymeleaf.util.ProcessorConfigurationUtils$ElementTagProcessorWrapper.process(ProcessorConfigurationUtils.java:633) ~[thymeleaf-3.0.11.RELEASE.jar:3.0.11.RELEASE]
	at org.thymeleaf.engine.ProcessorTemplateHandler.handleStandaloneElement(ProcessorTemplateHandler.java:918) ~[thymeleaf-3.0.11.RELEASE.jar:3.0.11.RELEASE]
	at org.thymeleaf.engine.StandaloneElementTag.beHandled(StandaloneElementTag.java:228) ~[thymeleaf-3.0.11.RELEASE.jar:3.0.11.RELEASE]
	at org.thymeleaf.engine.TemplateModel.process(TemplateModel.java:136) ~[thymeleaf-3.0.11.RELEASE.jar:3.0.11.RELEASE]
	at org.thymeleaf.engine.TemplateManager.parseAndProcess(TemplateManager.java:661) ~[thymeleaf-3.0.11.RELEASE.jar:3.0.11.RELEASE]
	at org.thymeleaf.TemplateEngine.process(TemplateEngine.java:1098) ~[thymeleaf-3.0.11.RELEASE.jar:3.0.11.RELEASE]
	at org.thymeleaf.TemplateEngine.process(TemplateEngine.java:1072) ~[thymeleaf-3.0.11.RELEASE.jar:3.0.11.RELEASE]
	at org.thymeleaf.spring5.view.ThymeleafView.renderFragment(ThymeleafView.java:362) ~[thymeleaf-spring5-3.0.11.RELEASE.jar:3.0.11.RELEASE]
	at org.thymeleaf.spring5.view.ThymeleafView.render(ThymeleafView.java:189) ~[thymeleaf-spring5-3.0.11.RELEASE.jar:3.0.11.RELEASE]
	at org.springframework.web.servlet.DispatcherServlet.render(DispatcherServlet.java:1373) ~[spring-webmvc-5.2.5.RELEASE.jar:5.2.5.RELEASE]
	at org.springframework.web.servlet.DispatcherServlet.processDispatchResult(DispatcherServlet.java:1118) ~[spring-webmvc-5.2.5.RELEASE.jar:5.2.5.RELEASE]
	at org.springframework.web.servlet.DispatcherServlet.doDispatch(DispatcherServlet.java:1057) ~[spring-webmvc-5.2.5.RELEASE.jar:5.2.5.RELEASE]
	at org.springframework.web.servlet.DispatcherServlet.doService(DispatcherServlet.java:943) ~[spring-webmvc-5.2.5.RELEASE.jar:5.2.5.RELEASE]
	at org.springframework.web.servlet.FrameworkServlet.processRequest(FrameworkServlet.java:1006) ~[spring-webmvc-5.2.5.RELEASE.jar:5.2.5.RELEASE]
	at org.springframework.web.servlet.FrameworkServlet.doGet(FrameworkServlet.java:898) ~[spring-webmvc-5.2.5.RELEASE.jar:5.2.5.RELEASE]
	at javax.servlet.http.HttpServlet.service(HttpServlet.java:634) ~[tomcat-embed-core-9.0.33.jar:9.0.33]
	at org.springframework.web.servlet.FrameworkServlet.service(FrameworkServlet.java:883) ~[spring-webmvc-5.2.5.RELEASE.jar:5.2.5.RELEASE]
	at javax.servlet.http.HttpServlet.service(HttpServlet.java:741) ~[tomcat-embed-core-9.0.33.jar:9.0.33]
	at org.apache.catalina.core.ApplicationFilterChain.internalDoFilter(ApplicationFilterChain.java:231) ~[tomcat-embed-core-9.0.33.jar:9.0.33]
	at org.apache.catalina.core.ApplicationFilterChain.doFilter(ApplicationFilterChain.java:166) ~[tomcat-embed-core-9.0.33.jar:9.0.33]
	at org.apache.tomcat.websocket.server.WsFilter.doFilter(WsFilter.java:53) ~[tomcat-embed-websocket-9.0.33.jar:9.0.33]
	at org.apache.catalina.core.ApplicationFilterChain.internalDoFilter(ApplicationFilterChain.java:193) ~[tomcat-embed-core-9.0.33.jar:9.0.33]
	at org.apache.catalina.core.ApplicationFilterChain.doFilter(ApplicationFilterChain.java:166) ~[tomcat-embed-core-9.0.33.jar:9.0.33]
	at org.springframework.web.filter.RequestContextFilter.doFilterInternal(RequestContextFilter.java:100) ~[spring-web-5.2.5.RELEASE.jar:5.2.5.RELEASE]
	at org.springframework.web.filter.OncePerRequestFilter.doFilter(OncePerRequestFilter.java:119) ~[spring-web-5.2.5.RELEASE.jar:5.2.5.RELEASE]
	at org.apache.catalina.core.ApplicationFilterChain.internalDoFilter(ApplicationFilterChain.java:193) ~[tomcat-embed-core-9.0.33.jar:9.0.33]
	at org.apache.catalina.core.ApplicationFilterChain.doFilter(ApplicationFilterChain.java:166) ~[tomcat-embed-core-9.0.33.jar:9.0.33]
	at org.springframework.web.filter.FormContentFilter.doFilterInternal(FormContentFilter.java:93) ~[spring-web-5.2.5.RELEASE.jar:5.2.5.RELEASE]
	at org.springframework.web.filter.OncePerRequestFilter.doFilter(OncePerRequestFilter.java:119) ~[spring-web-5.2.5.RELEASE.jar:5.2.5.RELEASE]
	at org.apache.catalina.core.ApplicationFilterChain.internalDoFilter(ApplicationFilterChain.java:193) ~[tomcat-embed-core-9.0.33.jar:9.0.33]
	at org.apache.catalina.core.ApplicationFilterChain.doFilter(ApplicationFilterChain.java:166) ~[tomcat-embed-core-9.0.33.jar:9.0.33]
	at org.springframework.web.filter.CharacterEncodingFilter.doFilterInternal(CharacterEncodingFilter.java:201) ~[spring-web-5.2.5.RELEASE.jar:5.2.5.RELEASE]
	at org.springframework.web.filter.OncePerRequestFilter.doFilter(OncePerRequestFilter.java:119) ~[spring-web-5.2.5.RELEASE.jar:5.2.5.RELEASE]
	at org.apache.catalina.core.ApplicationFilterChain.internalDoFilter(ApplicationFilterChain.java:193) ~[tomcat-embed-core-9.0.33.jar:9.0.33]
	at org.apache.catalina.core.ApplicationFilterChain.doFilter(ApplicationFilterChain.java:166) ~[tomcat-embed-core-9.0.33.jar:9.0.33]
	at org.apache.catalina.core.StandardWrapperValve.invoke(StandardWrapperValve.java:202) ~[tomcat-embed-core-9.0.33.jar:9.0.33]
	at org.apache.catalina.core.StandardContextValve.invoke(StandardContextValve.java:96) ~[tomcat-embed-core-9.0.33.jar:9.0.33]
	at org.apache.catalina.authenticator.AuthenticatorBase.invoke(AuthenticatorBase.java:541) ~[tomcat-embed-core-9.0.33.jar:9.0.33]
	at org.apache.catalina.core.StandardHostValve.invoke(StandardHostValve.java:139) ~[tomcat-embed-core-9.0.33.jar:9.0.33]
	at org.apache.catalina.valves.ErrorReportValve.invoke(ErrorReportValve.java:92) ~[tomcat-embed-core-9.0.33.jar:9.0.33]
	at org.apache.catalina.core.StandardEngineValve.invoke(StandardEngineValve.java:74) ~[tomcat-embed-core-9.0.33.jar:9.0.33]
	at org.apache.catalina.connector.CoyoteAdapter.service(CoyoteAdapter.java:343) ~[tomcat-embed-core-9.0.33.jar:9.0.33]
	at org.apache.coyote.http11.Http11Processor.service(Http11Processor.java:373) ~[tomcat-embed-core-9.0.33.jar:9.0.33]
	at org.apache.coyote.AbstractProcessorLight.process(AbstractProcessorLight.java:65) ~[tomcat-embed-core-9.0.33.jar:9.0.33]
	at org.apache.coyote.AbstractProtocol$ConnectionHandler.process(AbstractProtocol.java:868) ~[tomcat-embed-core-9.0.33.jar:9.0.33]
	at org.apache.tomcat.util.net.NioEndpoint$SocketProcessor.doRun(NioEndpoint.java:1594) ~[tomcat-embed-core-9.0.33.jar:9.0.33]
	at org.apache.tomcat.util.net.SocketProcessorBase.run(SocketProcessorBase.java:49) ~[tomcat-embed-core-9.0.33.jar:9.0.33]
	at java.base/java.util.concurrent.ThreadPoolExecutor.runWorker(ThreadPoolExecutor.java:1128) ~[na:na]
	at java.base/java.util.concurrent.ThreadPoolExecutor$Worker.run(ThreadPoolExecutor.java:628) ~[na:na]
	at org.apache.tomcat.util.threads.TaskThread$WrappingRunnable.run(TaskThread.java:61) ~[tomcat-embed-core-9.0.33.jar:9.0.33]
	at java.base/java.lang.Thread.run(Thread.java:834) ~[na:na]

